1 1 1
1 1 96
1 1 97
1 1 98
1 1 99
1 1 100
1 2 1
1 2 96
1 2 97
1 2 98
1 2 99
1 2 100
1 98 1
1 98 96
1 98 97
1 98 98
1 98 99
1 98 100
1 99 1
1 99 96
1 99 97
1 99 98
1 99 99
1 99 100
1 100 1
1 100 96
1 100 97
1 100 98
1 100 99
1 100 100
2 1 1
2 1 96
2 1 97
2 1 98
2 1 99
2 1 100
2 2 1
2 2 96
2 2 97
2 2 98
2 2 99
2 2 100
2 98 1
2 98 96
2 98 97
2 98 98
2 98 99
2 98 100
2 99 1
2 99 96
2 99 97
2 99 98
2 99 99
2 99 100
2 100 1
2 100 96
2 100 97
2 100 98
2 100 99
2 100 100
3 1 1
3 1 96
3 1 97
3 1 98
3 1 99
3 1 100
3 2 1
3 2 96
3 2 97
3 2 98
3 2 99
3 2 100
3 98 1
3 98 96
3 98 97
3 98 98
3 98 99
3 98 100
3 99 1
3 99 96
3 99 97
3 99 98
3 99 99
3 99 100
3 100 1
3 100 96
3 100 97
3 100 98
3 100 99
3 100 100
99 1 1
99 1 96
99 1 97
99 1 98
99 1 99
99 1 100
99 2 1
99 2 96
99 2 97
99 2 98
99 2 99
99 2 100
99 98 1
99 98 96
99 98 97
99 98 98
99 98 99
99 98 100
99 99 1
99 99 96
99 99 97
99 99 98
99 99 99
99 99 100
99 100 1
99 100 96
99 100 97
99 100 98
99 100 99
99 100 100
100 1 1
100 1 96
100 1 97
100 1 98
100 1 99
100 1 100
100 2 1
100 2 96
100 2 97
100 2 98
100 2 99
100 2 100
100 98 1
100 98 96
100 98 97
100 98 98
100 98 99
100 98 100
100 99 1
100 99 96
100 99 97
100 99 98
100 99 99
100 99 100
100 100 1
100 100 96
100 100 97
100 100 98
100 100 99
100 100 100
150
