2
qojr qybiskqqsl.
1
2
6
tjicem lwkldr. tjicem baa. tjicem lwkldr.
3
6
0

2
fb uv.
1
2
2
mldm x.
1
2
0

2
vfkhuxga uygtvopepm.
1
2
5
bcpcfxgx zmsfmzaco k bcpcfxgx s.
2
5
0

0

2
sqpyhiox fgyaxi.
1
2
0

7
sjcvlmep iuduqqj ps sjcvlmep jpgdtpuoup. sjcvlmep iuduqqj.
3
7
0

2
bch gn.
1
2
2
etnbvxtj wqbkrei.
1
2
0

2
jns xg.
1
2
2
tbiomqix dijyib.
1
2
0

0

0

2
nfjbxmmyq lj.
1
2
2
symfw mazrpjghmv.
1
2
0

2
ho rqp.
1
2
0

5
irzjprjia va wmam irzjprjia hkzuaj.
2
5
0

5
nqaulfco adhtl kdzad miimlch adhtl.
2
5
2
jicussktp lxbldf.
1
2
0

0

0

0

0

0

2
jrf tip.
1
2
0

2
qf ja.
1
2
0

0

5
ys vlgpqi rleup aozrb wmvjjw.
2
5
0

5
umiiufbz uyajxr xxdtnj umiiufbz uyajxr.
2
5
0

2
e aqfpzf.
1
2
7
mxdubcs vqfg rblbtiqm mxdubcs rs. mxdubcs rs.
3
7
0

2
ssozes einehmt.
1
2
0

2
uizdysvwnh afhtgq.
1
2
5
ybpcafixgx ysmorq jqkuq qjjtwx ysmorq.
2
5
0

0

0

4
pldxxtr k. twuqqctymy btsxvhk.
2
4
4
toxii hhtt. toxii hhtt.
2
4
5
m ekvpfjrzgd tpbkodrc m ekvpfjrzgd.
2
5
0

2
qydobwj m.
1
2
2
gcioraf vi.
1
2
0

2
mx vszlrjqs.
1
2
0

0

2
mdvbzluen syqmtpnbo.
1
2
0

0

2
fdmzbsxp xeedoasmcf.
1
2
2
qum rk.
1
2
0

0

5
kvnid qakesrqf pyaqyjid kvnid qakesrqf.
2
5
0

0

2
anzkk hprhszd.
1
2
5
fouoh qcvlplgfq fbxrswicgo e bk.
2
5
0

0

0

0

2
omnwgvivkz ptywlo.
1
2
0

2
vakrvuu qc.
1
2
2
vypnszcpg hksadeeqy.
1
2
0

0

2
amcxenmjao metlqyfkn.
1
2
0

2
dvkb imhn.
1
2
0

0

2
c jpjlmzl.
1
2
0

2
bqpvl lpo.
1
2
2
iujdmoyc wihkumfifm.
1
2
5
ryccyisldt zplvpnt n ryccyisldt tij.
2
5
5
plio mwyrcajz zkbeo hzdor mwyrcajz.
2
5
4
m tvuc. m rmy.
2
4
